#
# A fatal error has been detected by the Java Runtime Environment:
#
#  Internal Error (javaCalls.cpp:51), pid=13612, tid=0x0000000000000c18
#  guarantee(thread->is_Java_thread()) failed: crucial check - the VM thread cannot and must not escape to Java code
#
# JRE version: Java(TM) SE Runtime Environment (8.0_211-b12) (build 1.8.0_211-b12)
# Java VM: Java HotSpot(TM) 64-Bit Server VM (25.211-b12 mixed mode windows-amd64 compressed oops)
# Failed to write core dump. Minidumps are not enabled by default on client versions of Windows
#
# If you would like to submit a bug report, please visit:
#   http://bugreport.java.com/bugreport/crash.jsp
#

---------------  T H R E A D  ---------------

Current thread (0x0000000020b59000):  VMThread [stack: 0x0000000022820000,0x0000000022920000] [id=3096]

Stack: [0x0000000022820000,0x0000000022920000]
[error occurred during error reporting (printing stack bounds), id 0xc0000005]

Native frames: (J=compiled Java code, j=interpreted, Vv=VM code, C=native code)

VM_Operation (0x000000002365f7d0): GetOrSetLocal, mode: safepoint, requested by thread 0x0000000022953000


---------------  P R O C E S S  ---------------

Java Threads: ( => current thread )
  0x0000000022acb000 JavaThread "Service Thread" daemon [_thread_blocked, id=26100, stack(0x0000000023c60000,0x0000000023d60000)]
  0x0000000022a43800 JavaThread "C1 CompilerThread3" daemon [_thread_blocked, id=10348, stack(0x0000000023b60000,0x0000000023c60000)]
  0x0000000022a42800 JavaThread "C2 CompilerThread2" daemon [_thread_blocked, id=20048, stack(0x0000000023a60000,0x0000000023b60000)]
  0x0000000022a3c000 JavaThread "C2 CompilerThread1" daemon [_thread_blocked, id=21208, stack(0x0000000023960000,0x0000000023a60000)]
  0x0000000022a37000 JavaThread "C2 CompilerThread0" daemon [_thread_blocked, id=23512, stack(0x0000000023860000,0x0000000023960000)]
  0x0000000022960800 JavaThread "JDWP Command Reader" daemon [_thread_in_native, id=8580, stack(0x0000000023760000,0x0000000023860000)]
  0x000000002295f800 JavaThread "JDWP Event Helper Thread" daemon [_thread_blocked, id=17216, stack(0x0000000023660000,0x0000000023760000)]
  0x0000000022953000 JavaThread "JDWP Transport Listener: dt_socket" daemon [_thread_blocked, id=24788, stack(0x0000000023560000,0x0000000023660000)]
  0x000000002294b800 JavaThread "Attach Listener" daemon [_thread_blocked, id=17956, stack(0x0000000023120000,0x0000000023220000)]
  0x000000002294a800 JavaThread "Signal Dispatcher" daemon [_thread_blocked, id=26336, stack(0x0000000023020000,0x0000000023120000)]
  0x0000000022940800 JavaThread "Finalizer" daemon [_thread_blocked, id=4656, stack(0x0000000022e20000,0x0000000022f20000)]
  0x0000000020b5c800 JavaThread "Reference Handler" daemon [_thread_blocked, id=13860, stack(0x0000000022d20000,0x0000000022e20000)]
  0x00000000025ee800 JavaThread "main" [_thread_blocked, id=11728, stack(0x00000000009e0000,0x0000000000ae0000)]

Other Threads:
=>0x0000000020b59000 VMThread [stack: 0x0000000022820000,0x0000000022920000] [id=3096]
  0x0000000022b4e000 WatcherThread [stack: 0x0000000023d60000,0x0000000023e60000] [id=16812]

VM state:at safepoint (normal execution)

VM Mutex/Monitor currently owned by a thread:  ([mutex/lock_event])
[0x00000000025f04d0] Threads_lock - owner thread: 0x0000000020b59000

heap address: 0x0000000642400000, size: 6108 MB, Compressed Oops mode: Zero based, Oop shift amount: 3
Narrow klass base: 0x0000000000000000, Narrow klass shift: 3
Compressed class space size: 1073741824 Address: 0x00000007c0000000

Heap:
 PSYoungGen      total 114176K, used 9833K [0x0000000740c00000, 0x0000000748b00000, 0x00000007c0000000)
  eden space 98304K, 10% used [0x0000000740c00000,0x000000074159a728,0x0000000746c00000)
  from space 15872K, 0% used [0x0000000747b80000,0x0000000747b80000,0x0000000748b00000)
  to   space 15872K, 0% used [0x0000000746c00000,0x0000000746c00000,0x0000000747b80000)
 ParOldGen       total 261120K, used 0K [0x0000000642400000, 0x0000000652300000, 0x0000000740c00000)
  object space 261120K, 0% used [0x0000000642400000,0x0000000642400000,0x0000000652300000)
 Metaspace       used 4827K, capacity 4898K, committed 5248K, reserved 1056768K
  class space    used 509K, capacity 529K, committed 640K, reserved 1048576K

Card table byte_map: [0x0000000011ab0000,0x00000000126a0000] byte_map_base: 0x000000000e89e000

Marking Bits: (ParMarkBitMap*) 0x000000006ece5ce0
 Begin Bits: [0x00000000136a0000, 0x0000000019610000)
 End Bits:   [0x0000000019610000, 0x000000001f580000)

Polling page: 0x0000000000550000

CodeCache: size=245760Kb used=1470Kb max_used=1470Kb free=244289Kb
 bounds [0x00000000026f0000, 0x0000000002960000, 0x00000000116f0000]
 total_blobs=414 nmethods=132 adapters=203
 compilation: enabled

Compilation events (10 events):
Event: 0.376 Thread 0x0000000022a43800  129  s    3       java.util.Hashtable::put (104 bytes)
Event: 0.376 Thread 0x0000000022a43800 nmethod 129 0x00000000028579d0 code [0x0000000002857ba0, 0x0000000002858378]
Event: 0.376 Thread 0x0000000022a43800  128       3       java.io.InputStream::<init> (5 bytes)
Event: 0.376 Thread 0x0000000022a43800 nmethod 128 0x00000000028575d0 code [0x0000000002857740, 0x00000000028578f0]
Event: 59.616 Thread 0x0000000022a43800  130       3       org.eclipse.jdt.launching.internal.org.objectweb.asm.ClassReader::readUnsignedShort (26 bytes)
Event: 59.616 Thread 0x0000000022a43800 nmethod 130 0x00000000028571d0 code [0x0000000002857320, 0x00000000028574d0]
Event: 90.254 Thread 0x0000000022a43800  131       3       org.eclipse.jdt.launching.internal.org.objectweb.asm.ByteVector::putShort (52 bytes)
Event: 90.255 Thread 0x0000000022a43800 nmethod 131 0x0000000002856c90 code [0x0000000002856e00, 0x0000000002857068]
Event: 90.255 Thread 0x0000000022a43800  132       3       org.eclipse.jdt.launching.internal.org.objectweb.asm.ByteVector::putByte (39 bytes)
Event: 90.255 Thread 0x0000000022a43800 nmethod 132 0x0000000002856790 code [0x0000000002856900, 0x0000000002856b48]

GC Heap History (0 events):
No events

Deoptimization events (0 events):
No events

Classes redefined (3 events):
Event: 59.617 Thread 0x0000000020b59000 redefined class name=hackerRank.ifCondestion.Smallest, count=1
Event: 90.254 Thread 0x0000000020b59000 redefined class name=hackerRank.ifCondestion.Smallest, count=2
Event: 534.726 Thread 0x0000000020b59000 redefined class name=hackerRank.ifCondestion.Smallest, count=3

Internal exceptions (2 events):
Event: 0.083 Thread 0x00000000025ee800 Exception <a 'java/lang/NoSuchMethodError': Method sun.misc.Unsafe.defineClass(Ljava/lang/String;[BII)Ljava/lang/Class; name or signature does not match> (0x0000000740c07cb0) thrown at [C:\re\workspace\8-2-build-windows-amd64-cygwin\jdk8u211\12973\hotspot
Event: 0.083 Thread 0x00000000025ee800 Exception <a 'java/lang/NoSuchMethodError': Method sun.misc.Unsafe.prefetchRead(Ljava/lang/Object;J)V name or signature does not match> (0x0000000740c07f98) thrown at [C:\re\workspace\8-2-build-windows-amd64-cygwin\jdk8u211\12973\hotspot\src\share\vm\prim

Events (10 events):
Event: 399.220 Executing VM operation: GetOrSetLocal done
Event: 534.725 Executing VM operation: RedefineClasses
Event: 534.726 Executing VM operation: RedefineClasses done
Event: 534.729 Executing VM operation: ChangeBreakpoints
Event: 534.729 Executing VM operation: ChangeBreakpoints done
Event: 534.736 Executing VM operation: GetOwnedMonitorInfo
Event: 534.736 Executing VM operation: GetOwnedMonitorInfo done
Event: 534.736 Executing VM operation: GetCurrentContendedMonitor
Event: 534.736 Executing VM operation: GetCurrentContendedMonitor done
Event: 741.919 Executing VM operation: GetOrSetLocal


Dynamic libraries:
0x00007ff610790000 - 0x00007ff6107c7000 	D:\JAVA8\bin\javaw.exe
0x00007ffa5cb40000 - 0x00007ffa5cd30000 	C:\WINDOWS\SYSTEM32\ntdll.dll
0x00007ffa5b390000 - 0x00007ffa5b442000 	C:\WINDOWS\System32\KERNEL32.DLL
0x00007ffa5a940000 - 0x00007ffa5abe3000 	C:\WINDOWS\System32\KERNELBASE.dll
0x00007ffa5c800000 - 0x00007ffa5c8a3000 	C:\WINDOWS\System32\ADVAPI32.dll
0x00007ffa5b2f0000 - 0x00007ffa5b38e000 	C:\WINDOWS\System32\msvcrt.dll
0x00007ffa5c180000 - 0x00007ffa5c217000 	C:\WINDOWS\System32\sechost.dll
0x00007ffa5b880000 - 0x00007ffa5b9a0000 	C:\WINDOWS\System32\RPCRT4.dll
0x00007ffa5b450000 - 0x00007ffa5b5e4000 	C:\WINDOWS\System32\USER32.dll
0x00007ffa5a640000 - 0x00007ffa5a661000 	C:\WINDOWS\System32\win32u.dll
0x00007ffa5c150000 - 0x00007ffa5c176000 	C:\WINDOWS\System32\GDI32.dll
0x00007ffa59ad0000 - 0x00007ffa59c64000 	C:\WINDOWS\System32\gdi32full.dll
0x00007ffa5a740000 - 0x00007ffa5a7de000 	C:\WINDOWS\System32\msvcp_win.dll
0x00007ffa5a840000 - 0x00007ffa5a93a000 	C:\WINDOWS\System32\ucrtbase.dll
0x00007ffa43100000 - 0x00007ffa43385000 	C:\WINDOWS\WinSxS\amd64_microsoft.windows.common-controls_6595b64144ccf1df_6.0.18362.778_none_e6c6b761130d4fb8\COMCTL32.dll
0x00007ffa5c4c0000 - 0x00007ffa5c7f6000 	C:\WINDOWS\System32\combase.dll
0x00007ffa5a6c0000 - 0x00007ffa5a740000 	C:\WINDOWS\System32\bcryptPrimitives.dll
0x00007ffa5c3d0000 - 0x00007ffa5c3fe000 	C:\WINDOWS\System32\IMM32.DLL
0x000000006ede0000 - 0x000000006eeb2000 	D:\JAVA8\jre\bin\msvcr100.dll
0x000000006e4c0000 - 0x000000006ed65000 	D:\JAVA8\jre\bin\server\jvm.dll
0x00007ffa5b720000 - 0x00007ffa5b728000 	C:\WINDOWS\System32\PSAPI.DLL
0x00007ffa52060000 - 0x00007ffa52069000 	C:\WINDOWS\SYSTEM32\WSOCK32.dll
0x00007ffa570a0000 - 0x00007ffa570c4000 	C:\WINDOWS\SYSTEM32\WINMM.dll
0x00007ffa52900000 - 0x00007ffa5290a000 	C:\WINDOWS\SYSTEM32\VERSION.dll
0x00007ffa5ca90000 - 0x00007ffa5caff000 	C:\WINDOWS\System32\WS2_32.dll
0x00007ffa56f10000 - 0x00007ffa56f3d000 	C:\WINDOWS\SYSTEM32\WINMMBASE.dll
0x00007ffa5a670000 - 0x00007ffa5a6ba000 	C:\WINDOWS\System32\cfgmgr32.dll
0x00007ffa4a600000 - 0x00007ffa4a60f000 	D:\JAVA8\jre\bin\verify.dll
0x00007ffa2c280000 - 0x00007ffa2c2a9000 	D:\JAVA8\jre\bin\java.dll
0x00007ffa4a520000 - 0x00007ffa4a555000 	D:\JAVA8\jre\bin\jdwp.dll
0x00007ffa4de50000 - 0x00007ffa4de58000 	D:\JAVA8\jre\bin\npt.dll
0x00007ffa4a4d0000 - 0x00007ffa4a4f3000 	D:\JAVA8\jre\bin\instrument.dll
0x00007ffa39df0000 - 0x00007ffa39e06000 	D:\JAVA8\jre\bin\zip.dll
0x00007ffa5ac00000 - 0x00007ffa5b2e5000 	C:\WINDOWS\System32\SHELL32.dll
0x00007ffa5b5f0000 - 0x00007ffa5b699000 	C:\WINDOWS\System32\shcore.dll
0x00007ffa59ec0000 - 0x00007ffa5a640000 	C:\WINDOWS\System32\windows.storage.dll
0x00007ffa59aa0000 - 0x00007ffa59ac3000 	C:\WINDOWS\System32\profapi.dll
0x00007ffa59a30000 - 0x00007ffa59a7a000 	C:\WINDOWS\System32\powrprof.dll
0x00007ffa59a00000 - 0x00007ffa59a10000 	C:\WINDOWS\System32\UMPDC.dll
0x00007ffa5ca30000 - 0x00007ffa5ca82000 	C:\WINDOWS\System32\shlwapi.dll
0x00007ffa59a10000 - 0x00007ffa59a21000 	C:\WINDOWS\System32\kernel.appcore.dll
0x00007ffa59d50000 - 0x00007ffa59d67000 	C:\WINDOWS\System32\cryptsp.dll
0x00007ffa4a4c0000 - 0x00007ffa4a4c9000 	D:\JAVA8\jre\bin\dt_socket.dll
0x00007ffa42b50000 - 0x00007ffa42b66000 	C:\WINDOWS\system32\napinsp.dll
0x00007ffa42b30000 - 0x00007ffa42b4a000 	C:\WINDOWS\system32\pnrpnsp.dll
0x00007ffa59270000 - 0x00007ffa592d7000 	C:\WINDOWS\System32\mswsock.dll
0x00007ffa58fc0000 - 0x00007ffa5908a000 	C:\WINDOWS\SYSTEM32\DNSAPI.dll
0x00007ffa5abf0000 - 0x00007ffa5abf8000 	C:\WINDOWS\System32\NSI.dll
0x00007ffa58f80000 - 0x00007ffa58fba000 	C:\WINDOWS\SYSTEM32\IPHLPAPI.DLL
0x00007ffa3f430000 - 0x00007ffa3f43e000 	C:\WINDOWS\System32\winrnr.dll
0x00007ffa55520000 - 0x00007ffa5553c000 	C:\WINDOWS\system32\NLAapi.dll
0x00007ffa54c40000 - 0x00007ffa54c55000 	C:\WINDOWS\system32\wshbth.dll
0x00007ffa4ff90000 - 0x00007ffa50007000 	C:\WINDOWS\System32\fwpuclnt.dll
0x00007ffa59c70000 - 0x00007ffa59c96000 	C:\WINDOWS\System32\bcrypt.dll
0x00007ffa525c0000 - 0x00007ffa525ca000 	C:\Windows\System32\rasadhlp.dll

VM Arguments:
jvm_args: -agentlib:jdwp=transport=dt_socket,suspend=y,address=localhost:65467 -javaagent:D:\eclipes\jee-2018-12\eclipse\configuration\org.eclipse.osgi\405\0\.cp\lib\javaagent-shaded.jar -Dfile.encoding=Cp1252 
java_command: hackerRank.ifCondestion.Smallest
java_class_path (initial): D:\eclipse-workspace\hackerRank\bin;D:\eclipes\jee-2018-12\eclipse\configuration\org.eclipse.osgi\405\0\.cp\lib\javaagent-shaded.jar
Launcher Type: SUN_STANDARD

Environment Variables:
PATH=D:\JAVA8\jre\bin;D:/JAVA8/bin/../jre/bin/server;D:/JAVA8/bin/../jre/bin;D:/JAVA8/bin/../jre/lib/amd64;C:\Program Files (x86)\Common Files\Oracle\Java\javapath;C:\Program Files (x86)\Intel\Intel(R) Management Engine Components\iCLS\;C:\Program Files\Intel\Intel(R) Management Engine Components\iCLS\;C:\windows\system32;C:\windows;C:\windows\System32\Wbem;C:\windows\System32\WindowsPowerShell\v1.0\;C:\windows\System32\OpenSSH\;C:\Program Files (x86)\Intel\Intel(R) Management Engine Components\DAL;C:\Program Files\Intel\Intel(R) Management Engine Components\DAL;C:\Program Files (x86)\Intel\Intel(R) Management Engine Components\IPT;C:\Program Files\Intel\Intel(R) Management Engine Components\IPT;C:\Program Files (x86)\NVIDIA Corporation\PhysX\Common;C:\Program Files\Microsoft SQL Server\Client SDK\ODBC\130\Tools\Binn\;C:\Program Files (x86)\Microsoft SQL Server\140\Tools\Binn\;C:\Program Files\Microsoft SQL Server\140\Tools\Binn\;C:\Program Files\Microsoft SQL Server\140\DTS\Binn\;C:\Program Files\dotnet\;C:\Program Files\Microsoft SQL Server\130\Tools\Binn\;C:\TDM-GCC-64\bin;D:\Node\;C:\ProgramData\chocolatey\bin;C:\Program Files\Git\cmd;C:\Program Files\PuTTY\;C:\WINDOWS\system32;C:\WINDOWS;C:\WINDOWS\System32\Wbem;C:\WINDOWS\System32\WindowsPowerShell\v1.0\;C:\WINDOWS\System32\OpenSSH\;C:\Program Files\NVIDIA Corporation\NVIDIA NvDLISR;C:\Program Files (x86)\Microsoft SQL Server\150\DTS\Binn\;C:\Users\Shiv\AppData\Local\Programs\Python\Python37\Scripts\;C:\Users\Shiv\AppData\Local\Programs\Python\Python37\;C:\TURBOC3\BIN;D:\Microsoft VS Code\Microsoft VS Code\bin;D:\IntelliJ IDEA 2019.2.3\bin;;C:\Users\Shiv\AppData\Roaming\npm;D:\docker\Docker Toolbox;C:\Users\Shiv\AppData\Local\Microsoft\WindowsApps;;C:\WINDOWS\System32;
USERNAME=Shiv
OS=Windows_NT
PROCESSOR_IDENTIFIER=Intel64 Family 6 Model 158 Stepping 10, GenuineIntel



---------------  S Y S T E M  ---------------

OS: Windows 10.0 , 64 bit Build 18362 (10.0.18362.778)

CPU:total 8 (initial active 8) (4 cores per cpu, 2 threads per core) family 6 model 158 stepping 10, cmov, cx8, fxsr, mmx, sse, sse2, sse3, ssse3, sse4.1, sse4.2, popcnt, avx, avx2, aes, clmul, erms, 3dnowpref, lzcnt, ht, tsc, tscinvbit, bmi1, bmi2, adx

Memory: 4k page, physical 25010788k(15024352k free), swap 28680804k(15726124k free)

vm_info: Java HotSpot(TM) 64-Bit Server VM (25.211-b12) for windows-amd64 JRE (1.8.0_211-b12), built on Apr  1 2019 20:53:26 by "java_re" with MS VC++ 10.0 (VS2010)

time: Sun Apr 26 00:33:51 2020
timezone: Romance Daylight Time
elapsed time: 742 seconds (0d 0h 12m 22s)

